<?xml version="1.0" encoding="UTF-8"?>
<!-- Generated by org.testng.reporters.JUnitReportReporter -->
<testsuite skipped="0" hostname="LAPTOP-BLLEEJVQ" name="week7_cucumber_runner.RunAssessmentTestCase" tests="1" failures="0" timestamp="2021-03-06T01:58:33 IST" time="210.354" errors="0">
  <testcase name="runScenario" time="210.354" classname="week7_cucumber_runner.RunAssessmentTestCase"/>
  <system-out/>
</testsuite> <!-- week7_cucumber_runner.RunAssessmentTestCase -->
