<?xml version="1.0" encoding="UTF-8"?>
<!-- Generated by org.testng.reporters.JUnitReportReporter -->
<testsuite skipped="1" hostname="LAPTOP-BLLEEJVQ" name="week6_cucumber_runner.RunAssessmentTestCase" tests="1" failures="0" timestamp="2021-03-06T00:59:27 IST" time="37.397" errors="0">
  <testcase name="runScenario" time="37.397" classname="week6_cucumber_runner.RunAssessmentTestCase">
    <skipped/>
  </testcase> <!-- runScenario -->
  <system-out/>
</testsuite> <!-- week6_cucumber_runner.RunAssessmentTestCase -->
