<?xml version="1.0" encoding="UTF-8"?>
<!-- Generated by org.testng.reporters.JUnitReportReporter -->
<testsuite skipped="0" hostname="LAPTOP-BLLEEJVQ" name="testcases.TC02_AutomationforAddingFieldsintheResult" tests="1" failures="0" timestamp="2021-02-27T04:35:19 IST" time="70.223" errors="0">
  <testcase name="AutomationforAddingFieldsintheResult" time="70.223" classname="testcases.TC02_AutomationforAddingFieldsintheResult"/>
  <system-out/>
</testsuite> <!-- testcases.TC02_AutomationforAddingFieldsintheResult -->
