<?xml version="1.0" encoding="UTF-8"?>
<!-- Generated by org.testng.reporters.JUnitReportReporter -->
<testsuite skipped="0" hostname="LAPTOP-BLLEEJVQ" name="testcases.S20_14_ViewReleaseNotes_POM" tests="1" failures="0" timestamp="2021-02-26T23:18:58 IST" time="50.940" errors="0">
  <testcase name="viewReleaseNotes" time="50.940" classname="testcases.S20_14_ViewReleaseNotes_POM"/>
  <system-out/>
</testsuite> <!-- testcases.S20_14_ViewReleaseNotes_POM -->
