<?xml version="1.0" encoding="UTF-8"?>
<!-- Generated by org.testng.reporters.JUnitReportReporter -->
<testsuite skipped="0" hostname="LAPTOP-BLLEEJVQ" name="testcases.S20_13_DownloadSalesForceA_POM" tests="1" failures="0" timestamp="2021-02-26T23:18:58 IST" time="36.003" errors="0">
  <testcase name="DownloadSalesForceAttachment" time="36.003" classname="testcases.S20_13_DownloadSalesForceA_POM"/>
  <system-out/>
</testsuite> <!-- testcases.S20_13_DownloadSalesForceA_POM -->
